<?xml version="1.0" encoding="UTF-8"?>
<testsuite xmlns:xsi="http://www.w3.org/2001/XMLSchema-instance" xsi:noNamespaceSchemaLocation="https://maven.apache.org/surefire/maven-surefire-plugin/xsd/surefire-test-report-3.0.xsd" version="3.0" name="com.demo.tests.SauceDemoTest" time="14.263" tests="10" errors="0" skipped="0" failures="0">
  <properties>
[...]
</properties>
  <testcase name="tc09_addMultipleProductsToCart" classname="com.demo.tests.SauceDemoTest" time="2.781"/>
  <testcase name="tc08_logout" classname="com.demo.tests.SauceDemoTest" time="2.094"/>
  <testcase name="tc04_addProductToCart" classname="com.demo.tests.SauceDemoTest" time="1.161"/>
  <testcase name="tc05_removeProductFromCart" classname="com.demo.tests.SauceDemoTest" time="1.215"/>
  <testcase name="tc03_lockedOutUser" classname="com.demo.tests.SauceDemoTest" time="1.108"/>
  <testcase name="tc10_checkoutFormValidation" classname="com.demo.tests.SauceDemoTest" time="1.244"/>
  <testcase name="tc07_completeCheckout" classname="com.demo.tests.SauceDemoTest" time="1.28"/>
  <testcase name="tc06_sortProductsByPriceLowToHigh" classname="com.demo.tests.SauceDemoTest" time="1.141"/>
  <testcase name="tc02_invalidLogin" classname="com.demo.tests.SauceDemoTest" time="1.115"/>
  <testcase name="tc01_validLogin" classname="com.demo.tests.SauceDemoTest" time="1.105"/>
</testsuite>